<?xml version="1.0" encoding="UTF-8"?>
<!-- Generated by org.testng.reporters.JUnitXMLReporter -->
<testsuite ignored="0" hostname="PrashantOjha-PC" failures="0" tests="3" name="Default test" time="361.247" errors="0" timestamp="20 Jan 2019 20:42:10 GMT">
  <testcase classname="com.crm.qa.testcases.HomePageTest" name="verifyHomePageTitle" time="0.055"/>
  <testcase classname="com.crm.qa.testcases.HomePageTest" name="verifyusernameTest" time="249.014"/>
  <testcase classname="com.crm.qa.testcases.HomePageTest" name="clickContactsButton" time="10.002"/>
</testsuite> <!-- Default test -->
